[debug] [2020-06-10T13:13:32.575Z] ----------------------------------------------------------------------
[debug] [2020-06-10T13:13:32.577Z] Command:       C:\Program Files\nodejs\node.exe C:\Users\hide1\AppData\Roaming\npm\node_modules\firebase-tools\lib\bin\firebase.js serve
[debug] [2020-06-10T13:13:32.577Z] CLI Version:   8.4.2
[debug] [2020-06-10T13:13:32.577Z] Platform:      win32
[debug] [2020-06-10T13:13:32.577Z] Node Version:  v10.13.0
[debug] [2020-06-10T13:13:32.578Z] Time:          Wed Jun 10 2020 22:13:32 GMT+0900 (GMT+09:00)
[debug] [2020-06-10T13:13:32.578Z] ----------------------------------------------------------------------
[debug] [2020-06-10T13:13:32.579Z] 
[debug] [2020-06-10T13:13:32.587Z] > command requires scopes: ["email","openid","https://www.googleapis.com/auth/cloudplatformprojects.readonly","https://www.googleapis.com/auth/firebase","https://www.googleapis.com/auth/cloud-platform"]
[debug] [2020-06-10T13:13:32.587Z] > authorizing via signed-in user
[debug] [2020-06-10T13:13:32.587Z] [iam] checking project fleeting-talk-2 for permissions ["firebase.projects.get"]
[debug] [2020-06-10T13:13:32.590Z] >>> HTTP REQUEST POST https://cloudresourcemanager.googleapis.com/v1/projects/fleeting-talk-2:testIamPermissions  
 {"permissions":["firebase.projects.get"]}
[debug] [2020-06-10T13:13:33.283Z] <<< HTTP RESPONSE 200 {"content-type":"application/json; charset=UTF-8","vary":"X-Origin, Referer, Origin,Accept-Encoding","date":"Wed, 10 Jun 2020 13:13:31 GMT","server":"ESF","cache-control":"private","x-xss-protection":"0","x-frame-options":"SAMEORIGIN","x-content-type-options":"nosniff","server-timing":"gfet4t7; dur=567","alt-svc":"h3-27=\":443\"; ma=2592000,h3-25=\":443\"; ma=2592000,h3-T050=\":443\"; ma=2592000,h3-Q050=\":443\"; ma=2592000,h3-Q049=\":443\"; ma=2592000,h3-Q048=\":443\"; ma=2592000,h3-Q046=\":443\"; ma=2592000,h3-Q043=\":443\"; ma=2592000,quic=\":443\"; ma=2592000; v=\"46,43\"","accept-ranges":"none","transfer-encoding":"chunked"}
[debug] [2020-06-10T13:13:33.284Z] >>> HTTP REQUEST GET https://firebase.googleapis.com/v1beta1/projects/fleeting-talk-2  
 
[debug] [2020-06-10T13:13:33.800Z] <<< HTTP RESPONSE 200 {"content-type":"application/json; charset=UTF-8","vary":"X-Origin, Referer, Origin,Accept-Encoding","date":"Wed, 10 Jun 2020 13:13:31 GMT","server":"ESF","cache-control":"private","x-xss-protection":"0","x-frame-options":"SAMEORIGIN","x-content-type-options":"nosniff","alt-svc":"h3-27=\":443\"; ma=2592000,h3-25=\":443\"; ma=2592000,h3-T050=\":443\"; ma=2592000,h3-Q050=\":443\"; ma=2592000,h3-Q049=\":443\"; ma=2592000,h3-Q048=\":443\"; ma=2592000,h3-Q046=\":443\"; ma=2592000,h3-Q043=\":443\"; ma=2592000,quic=\":443\"; ma=2592000; v=\"46,43\"","accept-ranges":"none","transfer-encoding":"chunked"}
[info] 
[info] === Serving from 'C:\Users\hide1\VueProjects\fleeting-talk'...
[info] 
[debug] [2020-06-10T13:13:33.808Z] >>> HTTP REQUEST GET https://firebase.googleapis.com/v1beta1/projects/fleeting-talk-2/webApps/-/config  
 
[debug] [2020-06-10T13:13:35.050Z] <<< HTTP RESPONSE 200 {"content-type":"application/json; charset=UTF-8","vary":"X-Origin, Referer, Origin,Accept-Encoding","date":"Wed, 10 Jun 2020 13:13:33 GMT","server":"ESF","cache-control":"private","x-xss-protection":"0","x-frame-options":"SAMEORIGIN","x-content-type-options":"nosniff","alt-svc":"h3-27=\":443\"; ma=2592000,h3-25=\":443\"; ma=2592000,h3-T050=\":443\"; ma=2592000,h3-Q050=\":443\"; ma=2592000,h3-Q049=\":443\"; ma=2592000,h3-Q048=\":443\"; ma=2592000,h3-Q046=\":443\"; ma=2592000,h3-Q043=\":443\"; ma=2592000,quic=\":443\"; ma=2592000; v=\"46,43\"","accept-ranges":"none","transfer-encoding":"chunked"}
[info] i  hosting: Serving hosting files from: dist {"metadata":{"emulator":{"name":"hosting"},"message":"Serving hosting files from: \u001b[1mdist\u001b[22m"}}
[info] +  hosting: Local server: http://localhost:5000 {"metadata":{"emulator":{"name":"hosting"},"message":"Local server: \u001b[4m\u001b[1mhttp://localhost:5000\u001b[22m\u001b[24m"}}
[warn] !  Your requested "node" version "8" doesn't match your global version "10" {"metadata":{"emulator":{"name":"functions"},"message":"Your requested \"node\" version \"8\" doesn't match your global version \"10\""}}
[info] i  functions: Watching "C:\Users\hide1\VueProjects\fleeting-talk\functions" for Cloud Functions... {"metadata":{"emulator":{"name":"functions"},"message":"Watching \"C:\\Users\\hide1\\VueProjects\\fleeting-talk\\functions\" for Cloud Functions..."}}
[debug] [2020-06-10T13:13:35.876Z] [worker-pool] addWorker(~diagnostic~) {"metadata":{"emulator":{"name":"functions"},"message":"[worker-pool] addWorker(~diagnostic~)"}}
[debug] [2020-06-10T13:13:35.876Z] [worker-pool] Adding worker with key ~diagnostic~, total=1 {"metadata":{"emulator":{"name":"functions"},"message":"[worker-pool] Adding worker with key ~diagnostic~, total=1"}}
[debug] [2020-06-10T13:13:35.877Z] [worker-pool] submitWork(triggerId=) {"metadata":{"emulator":{"name":"functions"},"message":"[worker-pool] submitWork(triggerId=)"}}
[debug] [2020-06-10T13:13:35.877Z] [worker-~diagnostic~-7a209bf8-c3f1-49d1-884e-a3940075097a]: Assigning socketPath: \\?\pipe\C:\Users\hide1\VueProjects\fleeting-talk\functions\20212 {"metadata":{"emulator":{"name":"functions"},"message":"[worker-~diagnostic~-7a209bf8-c3f1-49d1-884e-a3940075097a]: Assigning socketPath: \\\\?\\pipe\\C:\\Users\\hide1\\VueProjects\\fleeting-talk\\functions\\20212"}}
[debug] [2020-06-10T13:13:35.877Z] [worker-~diagnostic~-7a209bf8-c3f1-49d1-884e-a3940075097a]: BUSY {"metadata":{"emulator":{"name":"functions"},"message":"[worker-~diagnostic~-7a209bf8-c3f1-49d1-884e-a3940075097a]: BUSY"}}
[debug] [2020-06-10T13:13:36.329Z] [runtime-status] [20212] Functions runtime initialized. {"cwd":"C:\\Users\\hide1\\VueProjects\\fleeting-talk\\functions","node_version":"10.13.0"} {"metadata":{"emulator":{"name":"functions"},"message":"[runtime-status] [20212] Functions runtime initialized. {\"cwd\":\"C:\\\\Users\\\\hide1\\\\VueProjects\\\\fleeting-talk\\\\functions\",\"node_version\":\"10.13.0\"}"}}
[debug] [2020-06-10T13:13:36.330Z] [runtime-status] [20212] Disabled runtime features: undefined {"metadata":{"emulator":{"name":"functions"},"message":"[runtime-status] [20212] Disabled runtime features: undefined"}}
[debug] [2020-06-10T13:13:36.333Z] [runtime-status] [20212] Resolved module firebase-admin {"declared":true,"installed":true,"version":"8.12.1","resolution":"C:\\Users\\hide1\\VueProjects\\fleeting-talk\\functions\\node_modules\\firebase-admin\\lib\\index.js"} {"metadata":{"emulator":{"name":"functions"},"message":"[runtime-status] [20212] Resolved module firebase-admin {\"declared\":true,\"installed\":true,\"version\":\"8.12.1\",\"resolution\":\"C:\\\\Users\\\\hide1\\\\VueProjects\\\\fleeting-talk\\\\functions\\\\node_modules\\\\firebase-admin\\\\lib\\\\index.js\"}"}}
[debug] [2020-06-10T13:13:36.335Z] [runtime-status] [20212] Resolved module firebase-functions {"declared":true,"installed":true,"version":"3.7.0","resolution":"C:\\Users\\hide1\\VueProjects\\fleeting-talk\\functions\\node_modules\\firebase-functions\\lib\\index.js"} {"metadata":{"emulator":{"name":"functions"},"message":"[runtime-status] [20212] Resolved module firebase-functions {\"declared\":true,\"installed\":true,\"version\":\"3.7.0\",\"resolution\":\"C:\\\\Users\\\\hide1\\\\VueProjects\\\\fleeting-talk\\\\functions\\\\node_modules\\\\firebase-functions\\\\lib\\\\index.js\"}"}}
[debug] [2020-06-10T13:13:36.340Z] [runtime-status] [20212] Outgoing network have been stubbed. [{"name":"http","status":"mocked"},{"name":"http","status":"mocked"},{"name":"https","status":"mocked"},{"name":"https","status":"mocked"},{"name":"net","status":"mocked"}] {"metadata":{"emulator":{"name":"functions"},"message":"[runtime-status] [20212] Outgoing network have been stubbed. [{\"name\":\"http\",\"status\":\"mocked\"},{\"name\":\"http\",\"status\":\"mocked\"},{\"name\":\"https\",\"status\":\"mocked\"},{\"name\":\"https\",\"status\":\"mocked\"},{\"name\":\"net\",\"status\":\"mocked\"}]"}}
[debug] [2020-06-10T13:13:36.341Z] [runtime-status] [20212] Resolved module firebase-functions {"declared":true,"installed":true,"version":"3.7.0","resolution":"C:\\Users\\hide1\\VueProjects\\fleeting-talk\\functions\\node_modules\\firebase-functions\\lib\\index.js"} {"metadata":{"emulator":{"name":"functions"},"message":"[runtime-status] [20212] Resolved module firebase-functions {\"declared\":true,\"installed\":true,\"version\":\"3.7.0\",\"resolution\":\"C:\\\\Users\\\\hide1\\\\VueProjects\\\\fleeting-talk\\\\functions\\\\node_modules\\\\firebase-functions\\\\lib\\\\index.js\"}"}}
[debug] [2020-06-10T13:13:36.387Z] [runtime-status] [20212] Checked functions.config() {"config":{}} {"metadata":{"emulator":{"name":"functions"},"message":"[runtime-status] [20212] Checked functions.config() {\"config\":{}}"}}
[debug] [2020-06-10T13:13:36.388Z] [runtime-status] [20212] firebase-functions has been stubbed. {"functionsResolution":{"declared":true,"installed":true,"version":"3.7.0","resolution":"C:\\Users\\hide1\\VueProjects\\fleeting-talk\\functions\\node_modules\\firebase-functions\\lib\\index.js"}} {"metadata":{"emulator":{"name":"functions"},"message":"[runtime-status] [20212] firebase-functions has been stubbed. {\"functionsResolution\":{\"declared\":true,\"installed\":true,\"version\":\"3.7.0\",\"resolution\":\"C:\\\\Users\\\\hide1\\\\VueProjects\\\\fleeting-talk\\\\functions\\\\node_modules\\\\firebase-functions\\\\lib\\\\index.js\"}}"}}
[debug] [2020-06-10T13:13:36.388Z] [runtime-status] [20212] Resolved module firebase-functions {"declared":true,"installed":true,"version":"3.7.0","resolution":"C:\\Users\\hide1\\VueProjects\\fleeting-talk\\functions\\node_modules\\firebase-functions\\lib\\index.js"} {"metadata":{"emulator":{"name":"functions"},"message":"[runtime-status] [20212] Resolved module firebase-functions {\"declared\":true,\"installed\":true,\"version\":\"3.7.0\",\"resolution\":\"C:\\\\Users\\\\hide1\\\\VueProjects\\\\fleeting-talk\\\\functions\\\\node_modules\\\\firebase-functions\\\\lib\\\\index.js\"}"}}
[debug] [2020-06-10T13:13:36.390Z] [runtime-status] [20212] Resolved module firebase-admin {"declared":true,"installed":true,"version":"8.12.1","resolution":"C:\\Users\\hide1\\VueProjects\\fleeting-talk\\functions\\node_modules\\firebase-admin\\lib\\index.js"} {"metadata":{"emulator":{"name":"functions"},"message":"[runtime-status] [20212] Resolved module firebase-admin {\"declared\":true,\"installed\":true,\"version\":\"8.12.1\",\"resolution\":\"C:\\\\Users\\\\hide1\\\\VueProjects\\\\fleeting-talk\\\\functions\\\\node_modules\\\\firebase-admin\\\\lib\\\\index.js\"}"}}
[debug] [2020-06-10T13:13:36.390Z] [runtime-status] [20212] Resolved module firebase-functions {"declared":true,"installed":true,"version":"3.7.0","resolution":"C:\\Users\\hide1\\VueProjects\\fleeting-talk\\functions\\node_modules\\firebase-functions\\lib\\index.js"} {"metadata":{"emulator":{"name":"functions"},"message":"[runtime-status] [20212] Resolved module firebase-functions {\"declared\":true,\"installed\":true,\"version\":\"3.7.0\",\"resolution\":\"C:\\\\Users\\\\hide1\\\\VueProjects\\\\fleeting-talk\\\\functions\\\\node_modules\\\\firebase-functions\\\\lib\\\\index.js\"}"}}
[debug] [2020-06-10T13:13:36.391Z] [runtime-status] [20212] firebase-admin has been stubbed. {"adminResolution":{"declared":true,"installed":true,"version":"8.12.1","resolution":"C:\\Users\\hide1\\VueProjects\\fleeting-talk\\functions\\node_modules\\firebase-admin\\lib\\index.js"}} {"metadata":{"emulator":{"name":"functions"},"message":"[runtime-status] [20212] firebase-admin has been stubbed. {\"adminResolution\":{\"declared\":true,\"installed\":true,\"version\":\"8.12.1\",\"resolution\":\"C:\\\\Users\\\\hide1\\\\VueProjects\\\\fleeting-talk\\\\functions\\\\node_modules\\\\firebase-admin\\\\lib\\\\index.js\"}}"}}
[warn] !  Error: Cannot find module 'C:\Users\hide1\VueProjects\fleeting-talk\functions'
    at Function.Module._resolveFilename (internal/modules/cjs/loader.js:580:15)
    at Function.Module._load (internal/modules/cjs/loader.js:506:25)
    at Module.require (internal/modules/cjs/loader.js:636:17)
    at require (internal/modules/cjs/helpers.js:20:18)
    at C:\Users\hide1\AppData\Roaming\npm\node_modules\firebase-tools\lib\emulator\functionsEmulatorRuntime.js:650:33
    at Generator.next (<anonymous>)
    at fulfilled (C:\Users\hide1\AppData\Roaming\npm\node_modules\firebase-tools\lib\emulator\functionsEmulatorRuntime.js:5:58)
    at process._tickCallback (internal/process/next_tick.js:68:7) {"metadata":{"emulator":{"name":"functions"},"message":"Error: Cannot find module 'C:\\Users\\hide1\\VueProjects\\fleeting-talk\\functions'\n    at Function.Module._resolveFilename (internal/modules/cjs/loader.js:580:15)\n    at Function.Module._load (internal/modules/cjs/loader.js:506:25)\n    at Module.require (internal/modules/cjs/loader.js:636:17)\n    at require (internal/modules/cjs/helpers.js:20:18)\n    at C:\\Users\\hide1\\AppData\\Roaming\\npm\\node_modules\\firebase-tools\\lib\\emulator\\functionsEmulatorRuntime.js:650:33\n    at Generator.next (<anonymous>)\n    at fulfilled (C:\\Users\\hide1\\AppData\\Roaming\\npm\\node_modules\\firebase-tools\\lib\\emulator\\functionsEmulatorRuntime.js:5:58)\n    at process._tickCallback (internal/process/next_tick.js:68:7)"}}
[warn] !  We were unable to load your functions code. (see above)
   - It appears your code is written in Typescript, which must be compiled before emulation.
   - You may be able to run "npm run build" in your functions directory to resolve this. {"metadata":{"emulator":{"name":"functions"}}}
[debug] [2020-06-10T13:13:36.430Z] [worker-~diagnostic~-7a209bf8-c3f1-49d1-884e-a3940075097a]: exited {"metadata":{"emulator":{"name":"functions"},"message":"[worker-~diagnostic~-7a209bf8-c3f1-49d1-884e-a3940075097a]: exited"}}
[debug] [2020-06-10T13:13:36.430Z] [worker-~diagnostic~-7a209bf8-c3f1-49d1-884e-a3940075097a]: FINISHED {"metadata":{"emulator":{"name":"functions"},"message":"[worker-~diagnostic~-7a209bf8-c3f1-49d1-884e-a3940075097a]: FINISHED"}}
[info] i  hosting: 127.0.0.1 - - [10/Jun/2020:13:13:38 +0000] "GET / HTTP/1.1" 200 942 "-" "Mozilla/5.0 (Windows NT 10.0; Win64; x64) AppleWebKit/537.36 (KHTML, like Gecko) Chrome/83.0.4103.97 Safari/537.36" {"metadata":{"emulator":{"name":"hosting"},"message":"127.0.0.1 - - [10/Jun/2020:13:13:38 +0000] \"GET / HTTP/1.1\" 200 942 \"-\" \"Mozilla/5.0 (Windows NT 10.0; Win64; x64) AppleWebKit/537.36 (KHTML, like Gecko) Chrome/83.0.4103.97 Safari/537.36\""}}
[info] i  hosting: 127.0.0.1 - - [10/Jun/2020:13:13:38 +0000] "GET /css/app.65742655.css HTTP/1.1" 200 428 "http://localhost:5000/" "Mozilla/5.0 (Windows NT 10.0; Win64; x64) AppleWebKit/537.36 (KHTML, like Gecko) Chrome/83.0.4103.97 Safari/537.36" {"metadata":{"emulator":{"name":"hosting"},"message":"127.0.0.1 - - [10/Jun/2020:13:13:38 +0000] \"GET /css/app.65742655.css HTTP/1.1\" 200 428 \"http://localhost:5000/\" \"Mozilla/5.0 (Windows NT 10.0; Win64; x64) AppleWebKit/537.36 (KHTML, like Gecko) Chrome/83.0.4103.97 Safari/537.36\""}}
[info] i  hosting: 127.0.0.1 - - [10/Jun/2020:13:13:38 +0000] "GET /js/app.1e3c7842.js HTTP/1.1" 200 7127 "http://localhost:5000/" "Mozilla/5.0 (Windows NT 10.0; Win64; x64) AppleWebKit/537.36 (KHTML, like Gecko) Chrome/83.0.4103.97 Safari/537.36" {"metadata":{"emulator":{"name":"hosting"},"message":"127.0.0.1 - - [10/Jun/2020:13:13:38 +0000] \"GET /js/app.1e3c7842.js HTTP/1.1\" 200 7127 \"http://localhost:5000/\" \"Mozilla/5.0 (Windows NT 10.0; Win64; x64) AppleWebKit/537.36 (KHTML, like Gecko) Chrome/83.0.4103.97 Safari/537.36\""}}
[info] i  hosting: 127.0.0.1 - - [10/Jun/2020:13:13:38 +0000] "GET /js/chunk-vendors.fce77817.js HTTP/1.1" 200 146477 "http://localhost:5000/" "Mozilla/5.0 (Windows NT 10.0; Win64; x64) AppleWebKit/537.36 (KHTML, like Gecko) Chrome/83.0.4103.97 Safari/537.36" {"metadata":{"emulator":{"name":"hosting"},"message":"127.0.0.1 - - [10/Jun/2020:13:13:38 +0000] \"GET /js/chunk-vendors.fce77817.js HTTP/1.1\" 200 146477 \"http://localhost:5000/\" \"Mozilla/5.0 (Windows NT 10.0; Win64; x64) AppleWebKit/537.36 (KHTML, like Gecko) Chrome/83.0.4103.97 Safari/537.36\""}}
[info] i  hosting: 127.0.0.1 - - [10/Jun/2020:13:13:39 +0000] "GET /__/firebase/init.js HTTP/1.1" 200 - "http://localhost:5000/" "Mozilla/5.0 (Windows NT 10.0; Win64; x64) AppleWebKit/537.36 (KHTML, like Gecko) Chrome/83.0.4103.97 Safari/537.36" {"metadata":{"emulator":{"name":"hosting"},"message":"127.0.0.1 - - [10/Jun/2020:13:13:39 +0000] \"GET /__/firebase/init.js HTTP/1.1\" 200 - \"http://localhost:5000/\" \"Mozilla/5.0 (Windows NT 10.0; Win64; x64) AppleWebKit/537.36 (KHTML, like Gecko) Chrome/83.0.4103.97 Safari/537.36\""}}
[info] i  hosting: 127.0.0.1 - - [10/Jun/2020:13:13:39 +0000] "GET /__/firebase/7.15.0/firebase-analytics.js HTTP/1.1" 200 26589 "http://localhost:5000/" "Mozilla/5.0 (Windows NT 10.0; Win64; x64) AppleWebKit/537.36 (KHTML, like Gecko) Chrome/83.0.4103.97 Safari/537.36" {"metadata":{"emulator":{"name":"hosting"},"message":"127.0.0.1 - - [10/Jun/2020:13:13:39 +0000] \"GET /__/firebase/7.15.0/firebase-analytics.js HTTP/1.1\" 200 26589 \"http://localhost:5000/\" \"Mozilla/5.0 (Windows NT 10.0; Win64; x64) AppleWebKit/537.36 (KHTML, like Gecko) Chrome/83.0.4103.97 Safari/537.36\""}}
[info] i  hosting: 127.0.0.1 - - [10/Jun/2020:13:13:39 +0000] "GET /js/about.237686b2.js HTTP/1.1" 200 455 "http://localhost:5000/" "Mozilla/5.0 (Windows NT 10.0; Win64; x64) AppleWebKit/537.36 (KHTML, like Gecko) Chrome/83.0.4103.97 Safari/537.36" {"metadata":{"emulator":{"name":"hosting"},"message":"127.0.0.1 - - [10/Jun/2020:13:13:39 +0000] \"GET /js/about.237686b2.js HTTP/1.1\" 200 455 \"http://localhost:5000/\" \"Mozilla/5.0 (Windows NT 10.0; Win64; x64) AppleWebKit/537.36 (KHTML, like Gecko) Chrome/83.0.4103.97 Safari/537.36\""}}
[info] i  hosting: 127.0.0.1 - - [10/Jun/2020:13:13:39 +0000] "GET /__/firebase/7.15.0/firebase-app.js HTTP/1.1" 200 19923 "http://localhost:5000/" "Mozilla/5.0 (Windows NT 10.0; Win64; x64) AppleWebKit/537.36 (KHTML, like Gecko) Chrome/83.0.4103.97 Safari/537.36" {"metadata":{"emulator":{"name":"hosting"},"message":"127.0.0.1 - - [10/Jun/2020:13:13:39 +0000] \"GET /__/firebase/7.15.0/firebase-app.js HTTP/1.1\" 200 19923 \"http://localhost:5000/\" \"Mozilla/5.0 (Windows NT 10.0; Win64; x64) AppleWebKit/537.36 (KHTML, like Gecko) Chrome/83.0.4103.97 Safari/537.36\""}}
[info] i  hosting: 127.0.0.1 - - [10/Jun/2020:13:13:39 +0000] "GET /img/logo.82b9c7a5.png HTTP/1.1" 200 6849 "http://localhost:5000/" "Mozilla/5.0 (Windows NT 10.0; Win64; x64) AppleWebKit/537.36 (KHTML, like Gecko) Chrome/83.0.4103.97 Safari/537.36" {"metadata":{"emulator":{"name":"hosting"},"message":"127.0.0.1 - - [10/Jun/2020:13:13:39 +0000] \"GET /img/logo.82b9c7a5.png HTTP/1.1\" 200 6849 \"http://localhost:5000/\" \"Mozilla/5.0 (Windows NT 10.0; Win64; x64) AppleWebKit/537.36 (KHTML, like Gecko) Chrome/83.0.4103.97 Safari/537.36\""}}
[info] i  hosting: 127.0.0.1 - - [10/Jun/2020:13:13:39 +0000] "GET /favicon.ico HTTP/1.1" 200 4286 "http://localhost:5000/" "Mozilla/5.0 (Windows NT 10.0; Win64; x64) AppleWebKit/537.36 (KHTML, like Gecko) Chrome/83.0.4103.97 Safari/537.36" {"metadata":{"emulator":{"name":"hosting"},"message":"127.0.0.1 - - [10/Jun/2020:13:13:39 +0000] \"GET /favicon.ico HTTP/1.1\" 200 4286 \"http://localhost:5000/\" \"Mozilla/5.0 (Windows NT 10.0; Win64; x64) AppleWebKit/537.36 (KHTML, like Gecko) Chrome/83.0.4103.97 Safari/537.36\""}}
[debug] [2020-06-10T13:31:32.797Z] ----------------------------------------------------------------------
[debug] [2020-06-10T13:31:32.799Z] Command:       C:\Program Files\nodejs\node.exe C:\Users\hide1\AppData\Roaming\npm\node_modules\firebase-tools\lib\bin\firebase.js serve
[debug] [2020-06-10T13:31:32.800Z] CLI Version:   8.4.2
[debug] [2020-06-10T13:31:32.800Z] Platform:      win32
[debug] [2020-06-10T13:31:32.800Z] Node Version:  v10.13.0
[debug] [2020-06-10T13:31:32.801Z] Time:          Wed Jun 10 2020 22:31:32 GMT+0900 (GMT+09:00)
[debug] [2020-06-10T13:31:32.801Z] ----------------------------------------------------------------------
[debug] [2020-06-10T13:31:32.801Z] 
[debug] [2020-06-10T13:31:32.809Z] > command requires scopes: ["email","openid","https://www.googleapis.com/auth/cloudplatformprojects.readonly","https://www.googleapis.com/auth/firebase","https://www.googleapis.com/auth/cloud-platform"]
[debug] [2020-06-10T13:31:32.810Z] > authorizing via signed-in user
[debug] [2020-06-10T13:31:32.810Z] [iam] checking project fleeting-talk-2 for permissions ["firebase.projects.get"]
[debug] [2020-06-10T13:31:32.813Z] >>> HTTP REQUEST POST https://cloudresourcemanager.googleapis.com/v1/projects/fleeting-talk-2:testIamPermissions  
 {"permissions":["firebase.projects.get"]}
[debug] [2020-06-10T13:31:33.570Z] <<< HTTP RESPONSE 200 {"content-type":"application/json; charset=UTF-8","vary":"X-Origin, Referer, Origin,Accept-Encoding","date":"Wed, 10 Jun 2020 13:31:31 GMT","server":"ESF","cache-control":"private","x-xss-protection":"0","x-frame-options":"SAMEORIGIN","x-content-type-options":"nosniff","server-timing":"gfet4t7; dur=566","alt-svc":"h3-27=\":443\"; ma=2592000,h3-25=\":443\"; ma=2592000,h3-T050=\":443\"; ma=2592000,h3-Q050=\":443\"; ma=2592000,h3-Q049=\":443\"; ma=2592000,h3-Q048=\":443\"; ma=2592000,h3-Q046=\":443\"; ma=2592000,h3-Q043=\":443\"; ma=2592000,quic=\":443\"; ma=2592000; v=\"46,43\"","accept-ranges":"none","transfer-encoding":"chunked"}
[debug] [2020-06-10T13:31:33.572Z] >>> HTTP REQUEST GET https://firebase.googleapis.com/v1beta1/projects/fleeting-talk-2  
 
[debug] [2020-06-10T13:31:34.085Z] <<< HTTP RESPONSE 200 {"content-type":"application/json; charset=UTF-8","vary":"X-Origin, Referer, Origin,Accept-Encoding","date":"Wed, 10 Jun 2020 13:31:32 GMT","server":"ESF","cache-control":"private","x-xss-protection":"0","x-frame-options":"SAMEORIGIN","x-content-type-options":"nosniff","alt-svc":"h3-27=\":443\"; ma=2592000,h3-25=\":443\"; ma=2592000,h3-T050=\":443\"; ma=2592000,h3-Q050=\":443\"; ma=2592000,h3-Q049=\":443\"; ma=2592000,h3-Q048=\":443\"; ma=2592000,h3-Q046=\":443\"; ma=2592000,h3-Q043=\":443\"; ma=2592000,quic=\":443\"; ma=2592000; v=\"46,43\"","accept-ranges":"none","transfer-encoding":"chunked"}
[info] 
[info] === Serving from 'C:\Users\hide1\VueProjects\fleeting-talk'...
[info] 
[debug] [2020-06-10T13:31:34.091Z] >>> HTTP REQUEST GET https://firebase.googleapis.com/v1beta1/projects/fleeting-talk-2/webApps/-/config  
 
[debug] [2020-06-10T13:31:35.369Z] <<< HTTP RESPONSE 200 {"content-type":"application/json; charset=UTF-8","vary":"X-Origin, Referer, Origin,Accept-Encoding","date":"Wed, 10 Jun 2020 13:31:33 GMT","server":"ESF","cache-control":"private","x-xss-protection":"0","x-frame-options":"SAMEORIGIN","x-content-type-options":"nosniff","alt-svc":"h3-27=\":443\"; ma=2592000,h3-25=\":443\"; ma=2592000,h3-T050=\":443\"; ma=2592000,h3-Q050=\":443\"; ma=2592000,h3-Q049=\":443\"; ma=2592000,h3-Q048=\":443\"; ma=2592000,h3-Q046=\":443\"; ma=2592000,h3-Q043=\":443\"; ma=2592000,quic=\":443\"; ma=2592000; v=\"46,43\"","accept-ranges":"none","transfer-encoding":"chunked"}
[info] i  hosting: Serving hosting files from: dist {"metadata":{"emulator":{"name":"hosting"},"message":"Serving hosting files from: \u001b[1mdist\u001b[22m"}}
[info] +  hosting: Local server: http://localhost:5000 {"metadata":{"emulator":{"name":"hosting"},"message":"Local server: \u001b[4m\u001b[1mhttp://localhost:5000\u001b[22m\u001b[24m"}}
[warn] !  Your requested "node" version "8" doesn't match your global version "10" {"metadata":{"emulator":{"name":"functions"},"message":"Your requested \"node\" version \"8\" doesn't match your global version \"10\""}}
[info] i  functions: Watching "C:\Users\hide1\VueProjects\fleeting-talk\functions" for Cloud Functions... {"metadata":{"emulator":{"name":"functions"},"message":"Watching \"C:\\Users\\hide1\\VueProjects\\fleeting-talk\\functions\" for Cloud Functions..."}}
[debug] [2020-06-10T13:31:36.141Z] [worker-pool] addWorker(~diagnostic~) {"metadata":{"emulator":{"name":"functions"},"message":"[worker-pool] addWorker(~diagnostic~)"}}
[debug] [2020-06-10T13:31:36.141Z] [worker-pool] Adding worker with key ~diagnostic~, total=1 {"metadata":{"emulator":{"name":"functions"},"message":"[worker-pool] Adding worker with key ~diagnostic~, total=1"}}
[debug] [2020-06-10T13:31:36.141Z] [worker-pool] submitWork(triggerId=) {"metadata":{"emulator":{"name":"functions"},"message":"[worker-pool] submitWork(triggerId=)"}}
[debug] [2020-06-10T13:31:36.142Z] [worker-~diagnostic~-1962f3f7-2a8d-4ee1-8443-06773e479115]: Assigning socketPath: \\?\pipe\C:\Users\hide1\VueProjects\fleeting-talk\functions\17840 {"metadata":{"emulator":{"name":"functions"},"message":"[worker-~diagnostic~-1962f3f7-2a8d-4ee1-8443-06773e479115]: Assigning socketPath: \\\\?\\pipe\\C:\\Users\\hide1\\VueProjects\\fleeting-talk\\functions\\17840"}}
[debug] [2020-06-10T13:31:36.142Z] [worker-~diagnostic~-1962f3f7-2a8d-4ee1-8443-06773e479115]: BUSY {"metadata":{"emulator":{"name":"functions"},"message":"[worker-~diagnostic~-1962f3f7-2a8d-4ee1-8443-06773e479115]: BUSY"}}
[debug] [2020-06-10T13:31:36.574Z] [runtime-status] [17840] Functions runtime initialized. {"cwd":"C:\\Users\\hide1\\VueProjects\\fleeting-talk\\functions","node_version":"10.13.0"} {"metadata":{"emulator":{"name":"functions"},"message":"[runtime-status] [17840] Functions runtime initialized. {\"cwd\":\"C:\\\\Users\\\\hide1\\\\VueProjects\\\\fleeting-talk\\\\functions\",\"node_version\":\"10.13.0\"}"}}
[debug] [2020-06-10T13:31:36.575Z] [runtime-status] [17840] Disabled runtime features: undefined {"metadata":{"emulator":{"name":"functions"},"message":"[runtime-status] [17840] Disabled runtime features: undefined"}}
[debug] [2020-06-10T13:31:36.578Z] [runtime-status] [17840] Resolved module firebase-admin {"declared":true,"installed":true,"version":"8.12.1","resolution":"C:\\Users\\hide1\\VueProjects\\fleeting-talk\\functions\\node_modules\\firebase-admin\\lib\\index.js"} {"metadata":{"emulator":{"name":"functions"},"message":"[runtime-status] [17840] Resolved module firebase-admin {\"declared\":true,\"installed\":true,\"version\":\"8.12.1\",\"resolution\":\"C:\\\\Users\\\\hide1\\\\VueProjects\\\\fleeting-talk\\\\functions\\\\node_modules\\\\firebase-admin\\\\lib\\\\index.js\"}"}}
[debug] [2020-06-10T13:31:36.580Z] [runtime-status] [17840] Resolved module firebase-functions {"declared":true,"installed":true,"version":"3.7.0","resolution":"C:\\Users\\hide1\\VueProjects\\fleeting-talk\\functions\\node_modules\\firebase-functions\\lib\\index.js"} {"metadata":{"emulator":{"name":"functions"},"message":"[runtime-status] [17840] Resolved module firebase-functions {\"declared\":true,\"installed\":true,\"version\":\"3.7.0\",\"resolution\":\"C:\\\\Users\\\\hide1\\\\VueProjects\\\\fleeting-talk\\\\functions\\\\node_modules\\\\firebase-functions\\\\lib\\\\index.js\"}"}}
[debug] [2020-06-10T13:31:36.583Z] [runtime-status] [17840] Outgoing network have been stubbed. [{"name":"http","status":"mocked"},{"name":"http","status":"mocked"},{"name":"https","status":"mocked"},{"name":"https","status":"mocked"},{"name":"net","status":"mocked"}] {"metadata":{"emulator":{"name":"functions"},"message":"[runtime-status] [17840] Outgoing network have been stubbed. [{\"name\":\"http\",\"status\":\"mocked\"},{\"name\":\"http\",\"status\":\"mocked\"},{\"name\":\"https\",\"status\":\"mocked\"},{\"name\":\"https\",\"status\":\"mocked\"},{\"name\":\"net\",\"status\":\"mocked\"}]"}}
[debug] [2020-06-10T13:31:36.584Z] [runtime-status] [17840] Resolved module firebase-functions {"declared":true,"installed":true,"version":"3.7.0","resolution":"C:\\Users\\hide1\\VueProjects\\fleeting-talk\\functions\\node_modules\\firebase-functions\\lib\\index.js"} {"metadata":{"emulator":{"name":"functions"},"message":"[runtime-status] [17840] Resolved module firebase-functions {\"declared\":true,\"installed\":true,\"version\":\"3.7.0\",\"resolution\":\"C:\\\\Users\\\\hide1\\\\VueProjects\\\\fleeting-talk\\\\functions\\\\node_modules\\\\firebase-functions\\\\lib\\\\index.js\"}"}}
[debug] [2020-06-10T13:31:36.629Z] [runtime-status] [17840] Checked functions.config() {"config":{}} {"metadata":{"emulator":{"name":"functions"},"message":"[runtime-status] [17840] Checked functions.config() {\"config\":{}}"}}
[debug] [2020-06-10T13:31:36.629Z] [runtime-status] [17840] firebase-functions has been stubbed. {"functionsResolution":{"declared":true,"installed":true,"version":"3.7.0","resolution":"C:\\Users\\hide1\\VueProjects\\fleeting-talk\\functions\\node_modules\\firebase-functions\\lib\\index.js"}} {"metadata":{"emulator":{"name":"functions"},"message":"[runtime-status] [17840] firebase-functions has been stubbed. {\"functionsResolution\":{\"declared\":true,\"installed\":true,\"version\":\"3.7.0\",\"resolution\":\"C:\\\\Users\\\\hide1\\\\VueProjects\\\\fleeting-talk\\\\functions\\\\node_modules\\\\firebase-functions\\\\lib\\\\index.js\"}}"}}
[debug] [2020-06-10T13:31:36.630Z] [runtime-status] [17840] Resolved module firebase-functions {"declared":true,"installed":true,"version":"3.7.0","resolution":"C:\\Users\\hide1\\VueProjects\\fleeting-talk\\functions\\node_modules\\firebase-functions\\lib\\index.js"} {"metadata":{"emulator":{"name":"functions"},"message":"[runtime-status] [17840] Resolved module firebase-functions {\"declared\":true,\"installed\":true,\"version\":\"3.7.0\",\"resolution\":\"C:\\\\Users\\\\hide1\\\\VueProjects\\\\fleeting-talk\\\\functions\\\\node_modules\\\\firebase-functions\\\\lib\\\\index.js\"}"}}
[debug] [2020-06-10T13:31:36.631Z] [runtime-status] [17840] Resolved module firebase-admin {"declared":true,"installed":true,"version":"8.12.1","resolution":"C:\\Users\\hide1\\VueProjects\\fleeting-talk\\functions\\node_modules\\firebase-admin\\lib\\index.js"} {"metadata":{"emulator":{"name":"functions"},"message":"[runtime-status] [17840] Resolved module firebase-admin {\"declared\":true,\"installed\":true,\"version\":\"8.12.1\",\"resolution\":\"C:\\\\Users\\\\hide1\\\\VueProjects\\\\fleeting-talk\\\\functions\\\\node_modules\\\\firebase-admin\\\\lib\\\\index.js\"}"}}
[debug] [2020-06-10T13:31:36.631Z] [runtime-status] [17840] Resolved module firebase-functions {"declared":true,"installed":true,"version":"3.7.0","resolution":"C:\\Users\\hide1\\VueProjects\\fleeting-talk\\functions\\node_modules\\firebase-functions\\lib\\index.js"} {"metadata":{"emulator":{"name":"functions"},"message":"[runtime-status] [17840] Resolved module firebase-functions {\"declared\":true,\"installed\":true,\"version\":\"3.7.0\",\"resolution\":\"C:\\\\Users\\\\hide1\\\\VueProjects\\\\fleeting-talk\\\\functions\\\\node_modules\\\\firebase-functions\\\\lib\\\\index.js\"}"}}
[debug] [2020-06-10T13:31:36.631Z] [runtime-status] [17840] firebase-admin has been stubbed. {"adminResolution":{"declared":true,"installed":true,"version":"8.12.1","resolution":"C:\\Users\\hide1\\VueProjects\\fleeting-talk\\functions\\node_modules\\firebase-admin\\lib\\index.js"}} {"metadata":{"emulator":{"name":"functions"},"message":"[runtime-status] [17840] firebase-admin has been stubbed. {\"adminResolution\":{\"declared\":true,\"installed\":true,\"version\":\"8.12.1\",\"resolution\":\"C:\\\\Users\\\\hide1\\\\VueProjects\\\\fleeting-talk\\\\functions\\\\node_modules\\\\firebase-admin\\\\lib\\\\index.js\"}}"}}
[warn] !  Error: Cannot find module 'C:\Users\hide1\VueProjects\fleeting-talk\functions'
    at Function.Module._resolveFilename (internal/modules/cjs/loader.js:580:15)
    at Function.Module._load (internal/modules/cjs/loader.js:506:25)
    at Module.require (internal/modules/cjs/loader.js:636:17)
    at require (internal/modules/cjs/helpers.js:20:18)
    at C:\Users\hide1\AppData\Roaming\npm\node_modules\firebase-tools\lib\emulator\functionsEmulatorRuntime.js:650:33
    at Generator.next (<anonymous>)
    at fulfilled (C:\Users\hide1\AppData\Roaming\npm\node_modules\firebase-tools\lib\emulator\functionsEmulatorRuntime.js:5:58)
    at process._tickCallback (internal/process/next_tick.js:68:7) {"metadata":{"emulator":{"name":"functions"},"message":"Error: Cannot find module 'C:\\Users\\hide1\\VueProjects\\fleeting-talk\\functions'\n    at Function.Module._resolveFilename (internal/modules/cjs/loader.js:580:15)\n    at Function.Module._load (internal/modules/cjs/loader.js:506:25)\n    at Module.require (internal/modules/cjs/loader.js:636:17)\n    at require (internal/modules/cjs/helpers.js:20:18)\n    at C:\\Users\\hide1\\AppData\\Roaming\\npm\\node_modules\\firebase-tools\\lib\\emulator\\functionsEmulatorRuntime.js:650:33\n    at Generator.next (<anonymous>)\n    at fulfilled (C:\\Users\\hide1\\AppData\\Roaming\\npm\\node_modules\\firebase-tools\\lib\\emulator\\functionsEmulatorRuntime.js:5:58)\n    at process._tickCallback (internal/process/next_tick.js:68:7)"}}
[warn] !  We were unable to load your functions code. (see above)
   - It appears your code is written in Typescript, which must be compiled before emulation.
   - You may be able to run "npm run build" in your functions directory to resolve this. {"metadata":{"emulator":{"name":"functions"}}}
[debug] [2020-06-10T13:31:36.661Z] [worker-~diagnostic~-1962f3f7-2a8d-4ee1-8443-06773e479115]: exited {"metadata":{"emulator":{"name":"functions"},"message":"[worker-~diagnostic~-1962f3f7-2a8d-4ee1-8443-06773e479115]: exited"}}
[debug] [2020-06-10T13:31:36.662Z] [worker-~diagnostic~-1962f3f7-2a8d-4ee1-8443-06773e479115]: FINISHED {"metadata":{"emulator":{"name":"functions"},"message":"[worker-~diagnostic~-1962f3f7-2a8d-4ee1-8443-06773e479115]: FINISHED"}}
[info] i  hosting: 127.0.0.1 - - [10/Jun/2020:13:31:38 +0000] "GET / HTTP/1.1" 200 461 "-" "Mozilla/5.0 (Windows NT 10.0; Win64; x64) AppleWebKit/537.36 (KHTML, like Gecko) Chrome/83.0.4103.97 Safari/537.36" {"metadata":{"emulator":{"name":"hosting"},"message":"127.0.0.1 - - [10/Jun/2020:13:31:38 +0000] \"GET / HTTP/1.1\" 200 461 \"-\" \"Mozilla/5.0 (Windows NT 10.0; Win64; x64) AppleWebKit/537.36 (KHTML, like Gecko) Chrome/83.0.4103.97 Safari/537.36\""}}
[info] i  hosting: 127.0.0.1 - - [10/Jun/2020:13:31:39 +0000] "GET /favicon.ico HTTP/1.1" 200 4286 "http://localhost:5000/" "Mozilla/5.0 (Windows NT 10.0; Win64; x64) AppleWebKit/537.36 (KHTML, like Gecko) Chrome/83.0.4103.97 Safari/537.36" {"metadata":{"emulator":{"name":"hosting"},"message":"127.0.0.1 - - [10/Jun/2020:13:31:39 +0000] \"GET /favicon.ico HTTP/1.1\" 200 4286 \"http://localhost:5000/\" \"Mozilla/5.0 (Windows NT 10.0; Win64; x64) AppleWebKit/537.36 (KHTML, like Gecko) Chrome/83.0.4103.97 Safari/537.36\""}}
[debug] [2020-06-10T13:36:47.363Z] ----------------------------------------------------------------------
[debug] [2020-06-10T13:36:47.365Z] Command:       C:\Program Files\nodejs\node.exe C:\Users\hide1\AppData\Roaming\npm\node_modules\firebase-tools\lib\bin\firebase.js serve
[debug] [2020-06-10T13:36:47.365Z] CLI Version:   8.4.2
[debug] [2020-06-10T13:36:47.365Z] Platform:      win32
[debug] [2020-06-10T13:36:47.365Z] Node Version:  v10.13.0
[debug] [2020-06-10T13:36:47.367Z] Time:          Wed Jun 10 2020 22:36:47 GMT+0900 (GMT+09:00)
[debug] [2020-06-10T13:36:47.367Z] ----------------------------------------------------------------------
[debug] [2020-06-10T13:36:47.367Z] 
[debug] [2020-06-10T13:36:47.375Z] > command requires scopes: ["email","openid","https://www.googleapis.com/auth/cloudplatformprojects.readonly","https://www.googleapis.com/auth/firebase","https://www.googleapis.com/auth/cloud-platform"]
[debug] [2020-06-10T13:36:47.375Z] > authorizing via signed-in user
[debug] [2020-06-10T13:36:47.376Z] [iam] checking project fleeting-talk-2 for permissions ["firebase.projects.get"]
[debug] [2020-06-10T13:36:47.378Z] >>> HTTP REQUEST POST https://cloudresourcemanager.googleapis.com/v1/projects/fleeting-talk-2:testIamPermissions  
 {"permissions":["firebase.projects.get"]}
[debug] [2020-06-10T13:36:48.164Z] <<< HTTP RESPONSE 200 {"content-type":"application/json; charset=UTF-8","vary":"X-Origin, Referer, Origin,Accept-Encoding","date":"Wed, 10 Jun 2020 13:36:46 GMT","server":"ESF","cache-control":"private","x-xss-protection":"0","x-frame-options":"SAMEORIGIN","x-content-type-options":"nosniff","server-timing":"gfet4t7; dur=592","alt-svc":"h3-27=\":443\"; ma=2592000,h3-25=\":443\"; ma=2592000,h3-T050=\":443\"; ma=2592000,h3-Q050=\":443\"; ma=2592000,h3-Q049=\":443\"; ma=2592000,h3-Q048=\":443\"; ma=2592000,h3-Q046=\":443\"; ma=2592000,h3-Q043=\":443\"; ma=2592000,quic=\":443\"; ma=2592000; v=\"46,43\"","accept-ranges":"none","transfer-encoding":"chunked"}
[debug] [2020-06-10T13:36:48.165Z] >>> HTTP REQUEST GET https://firebase.googleapis.com/v1beta1/projects/fleeting-talk-2  
 
[debug] [2020-06-10T13:36:48.907Z] <<< HTTP RESPONSE 200 {"content-type":"application/json; charset=UTF-8","vary":"X-Origin, Referer, Origin,Accept-Encoding","date":"Wed, 10 Jun 2020 13:36:46 GMT","server":"ESF","cache-control":"private","x-xss-protection":"0","x-frame-options":"SAMEORIGIN","x-content-type-options":"nosniff","alt-svc":"h3-27=\":443\"; ma=2592000,h3-25=\":443\"; ma=2592000,h3-T050=\":443\"; ma=2592000,h3-Q050=\":443\"; ma=2592000,h3-Q049=\":443\"; ma=2592000,h3-Q048=\":443\"; ma=2592000,h3-Q046=\":443\"; ma=2592000,h3-Q043=\":443\"; ma=2592000,quic=\":443\"; ma=2592000; v=\"46,43\"","accept-ranges":"none","transfer-encoding":"chunked"}
[info] 
[info] === Serving from 'C:\Users\hide1\VueProjects\fleeting-talk'...
[info] 
[debug] [2020-06-10T13:36:48.912Z] >>> HTTP REQUEST GET https://firebase.googleapis.com/v1beta1/projects/fleeting-talk-2/webApps/-/config  
 
[debug] [2020-06-10T13:36:50.057Z] <<< HTTP RESPONSE 200 {"content-type":"application/json; charset=UTF-8","vary":"X-Origin, Referer, Origin,Accept-Encoding","date":"Wed, 10 Jun 2020 13:36:48 GMT","server":"ESF","cache-control":"private","x-xss-protection":"0","x-frame-options":"SAMEORIGIN","x-content-type-options":"nosniff","alt-svc":"h3-27=\":443\"; ma=2592000,h3-25=\":443\"; ma=2592000,h3-T050=\":443\"; ma=2592000,h3-Q050=\":443\"; ma=2592000,h3-Q049=\":443\"; ma=2592000,h3-Q048=\":443\"; ma=2592000,h3-Q046=\":443\"; ma=2592000,h3-Q043=\":443\"; ma=2592000,quic=\":443\"; ma=2592000; v=\"46,43\"","accept-ranges":"none","transfer-encoding":"chunked"}
[info] i  hosting: Serving hosting files from: dist {"metadata":{"emulator":{"name":"hosting"},"message":"Serving hosting files from: \u001b[1mdist\u001b[22m"}}
[info] +  hosting: Local server: http://localhost:5000 {"metadata":{"emulator":{"name":"hosting"},"message":"Local server: \u001b[4m\u001b[1mhttp://localhost:5000\u001b[22m\u001b[24m"}}
[warn] !  Your requested "node" version "8" doesn't match your global version "10" {"metadata":{"emulator":{"name":"functions"},"message":"Your requested \"node\" version \"8\" doesn't match your global version \"10\""}}
[info] i  functions: Watching "C:\Users\hide1\VueProjects\fleeting-talk\functions" for Cloud Functions... {"metadata":{"emulator":{"name":"functions"},"message":"Watching \"C:\\Users\\hide1\\VueProjects\\fleeting-talk\\functions\" for Cloud Functions..."}}
[debug] [2020-06-10T13:36:50.963Z] [worker-pool] addWorker(~diagnostic~) {"metadata":{"emulator":{"name":"functions"},"message":"[worker-pool] addWorker(~diagnostic~)"}}
[debug] [2020-06-10T13:36:50.964Z] [worker-pool] Adding worker with key ~diagnostic~, total=1 {"metadata":{"emulator":{"name":"functions"},"message":"[worker-pool] Adding worker with key ~diagnostic~, total=1"}}
[debug] [2020-06-10T13:36:50.964Z] [worker-pool] submitWork(triggerId=) {"metadata":{"emulator":{"name":"functions"},"message":"[worker-pool] submitWork(triggerId=)"}}
[debug] [2020-06-10T13:36:50.964Z] [worker-~diagnostic~-87b089ff-a81e-4687-929e-466914e2b501]: Assigning socketPath: \\?\pipe\C:\Users\hide1\VueProjects\fleeting-talk\functions\22072 {"metadata":{"emulator":{"name":"functions"},"message":"[worker-~diagnostic~-87b089ff-a81e-4687-929e-466914e2b501]: Assigning socketPath: \\\\?\\pipe\\C:\\Users\\hide1\\VueProjects\\fleeting-talk\\functions\\22072"}}
[debug] [2020-06-10T13:36:50.964Z] [worker-~diagnostic~-87b089ff-a81e-4687-929e-466914e2b501]: BUSY {"metadata":{"emulator":{"name":"functions"},"message":"[worker-~diagnostic~-87b089ff-a81e-4687-929e-466914e2b501]: BUSY"}}
[debug] [2020-06-10T13:36:51.393Z] [runtime-status] [22072] Functions runtime initialized. {"cwd":"C:\\Users\\hide1\\VueProjects\\fleeting-talk\\functions","node_version":"10.13.0"} {"metadata":{"emulator":{"name":"functions"},"message":"[runtime-status] [22072] Functions runtime initialized. {\"cwd\":\"C:\\\\Users\\\\hide1\\\\VueProjects\\\\fleeting-talk\\\\functions\",\"node_version\":\"10.13.0\"}"}}
[debug] [2020-06-10T13:36:51.394Z] [runtime-status] [22072] Disabled runtime features: undefined {"metadata":{"emulator":{"name":"functions"},"message":"[runtime-status] [22072] Disabled runtime features: undefined"}}
[debug] [2020-06-10T13:36:51.399Z] [runtime-status] [22072] Resolved module firebase-admin {"declared":true,"installed":true,"version":"8.12.1","resolution":"C:\\Users\\hide1\\VueProjects\\fleeting-talk\\functions\\node_modules\\firebase-admin\\lib\\index.js"} {"metadata":{"emulator":{"name":"functions"},"message":"[runtime-status] [22072] Resolved module firebase-admin {\"declared\":true,\"installed\":true,\"version\":\"8.12.1\",\"resolution\":\"C:\\\\Users\\\\hide1\\\\VueProjects\\\\fleeting-talk\\\\functions\\\\node_modules\\\\firebase-admin\\\\lib\\\\index.js\"}"}}
[debug] [2020-06-10T13:36:51.400Z] [runtime-status] [22072] Resolved module firebase-functions {"declared":true,"installed":true,"version":"3.7.0","resolution":"C:\\Users\\hide1\\VueProjects\\fleeting-talk\\functions\\node_modules\\firebase-functions\\lib\\index.js"} {"metadata":{"emulator":{"name":"functions"},"message":"[runtime-status] [22072] Resolved module firebase-functions {\"declared\":true,\"installed\":true,\"version\":\"3.7.0\",\"resolution\":\"C:\\\\Users\\\\hide1\\\\VueProjects\\\\fleeting-talk\\\\functions\\\\node_modules\\\\firebase-functions\\\\lib\\\\index.js\"}"}}
[debug] [2020-06-10T13:36:51.404Z] [runtime-status] [22072] Outgoing network have been stubbed. [{"name":"http","status":"mocked"},{"name":"http","status":"mocked"},{"name":"https","status":"mocked"},{"name":"https","status":"mocked"},{"name":"net","status":"mocked"}] {"metadata":{"emulator":{"name":"functions"},"message":"[runtime-status] [22072] Outgoing network have been stubbed. [{\"name\":\"http\",\"status\":\"mocked\"},{\"name\":\"http\",\"status\":\"mocked\"},{\"name\":\"https\",\"status\":\"mocked\"},{\"name\":\"https\",\"status\":\"mocked\"},{\"name\":\"net\",\"status\":\"mocked\"}]"}}
[debug] [2020-06-10T13:36:51.405Z] [runtime-status] [22072] Resolved module firebase-functions {"declared":true,"installed":true,"version":"3.7.0","resolution":"C:\\Users\\hide1\\VueProjects\\fleeting-talk\\functions\\node_modules\\firebase-functions\\lib\\index.js"} {"metadata":{"emulator":{"name":"functions"},"message":"[runtime-status] [22072] Resolved module firebase-functions {\"declared\":true,\"installed\":true,\"version\":\"3.7.0\",\"resolution\":\"C:\\\\Users\\\\hide1\\\\VueProjects\\\\fleeting-talk\\\\functions\\\\node_modules\\\\firebase-functions\\\\lib\\\\index.js\"}"}}
[debug] [2020-06-10T13:36:51.451Z] [runtime-status] [22072] Checked functions.config() {"config":{}} {"metadata":{"emulator":{"name":"functions"},"message":"[runtime-status] [22072] Checked functions.config() {\"config\":{}}"}}
[debug] [2020-06-10T13:36:51.451Z] [runtime-status] [22072] firebase-functions has been stubbed. {"functionsResolution":{"declared":true,"installed":true,"version":"3.7.0","resolution":"C:\\Users\\hide1\\VueProjects\\fleeting-talk\\functions\\node_modules\\firebase-functions\\lib\\index.js"}} {"metadata":{"emulator":{"name":"functions"},"message":"[runtime-status] [22072] firebase-functions has been stubbed. {\"functionsResolution\":{\"declared\":true,\"installed\":true,\"version\":\"3.7.0\",\"resolution\":\"C:\\\\Users\\\\hide1\\\\VueProjects\\\\fleeting-talk\\\\functions\\\\node_modules\\\\firebase-functions\\\\lib\\\\index.js\"}}"}}
[debug] [2020-06-10T13:36:51.452Z] [runtime-status] [22072] Resolved module firebase-functions {"declared":true,"installed":true,"version":"3.7.0","resolution":"C:\\Users\\hide1\\VueProjects\\fleeting-talk\\functions\\node_modules\\firebase-functions\\lib\\index.js"} {"metadata":{"emulator":{"name":"functions"},"message":"[runtime-status] [22072] Resolved module firebase-functions {\"declared\":true,\"installed\":true,\"version\":\"3.7.0\",\"resolution\":\"C:\\\\Users\\\\hide1\\\\VueProjects\\\\fleeting-talk\\\\functions\\\\node_modules\\\\firebase-functions\\\\lib\\\\index.js\"}"}}
[debug] [2020-06-10T13:36:51.453Z] [runtime-status] [22072] Resolved module firebase-admin {"declared":true,"installed":true,"version":"8.12.1","resolution":"C:\\Users\\hide1\\VueProjects\\fleeting-talk\\functions\\node_modules\\firebase-admin\\lib\\index.js"} {"metadata":{"emulator":{"name":"functions"},"message":"[runtime-status] [22072] Resolved module firebase-admin {\"declared\":true,\"installed\":true,\"version\":\"8.12.1\",\"resolution\":\"C:\\\\Users\\\\hide1\\\\VueProjects\\\\fleeting-talk\\\\functions\\\\node_modules\\\\firebase-admin\\\\lib\\\\index.js\"}"}}
[debug] [2020-06-10T13:36:51.453Z] [runtime-status] [22072] Resolved module firebase-functions {"declared":true,"installed":true,"version":"3.7.0","resolution":"C:\\Users\\hide1\\VueProjects\\fleeting-talk\\functions\\node_modules\\firebase-functions\\lib\\index.js"} {"metadata":{"emulator":{"name":"functions"},"message":"[runtime-status] [22072] Resolved module firebase-functions {\"declared\":true,\"installed\":true,\"version\":\"3.7.0\",\"resolution\":\"C:\\\\Users\\\\hide1\\\\VueProjects\\\\fleeting-talk\\\\functions\\\\node_modules\\\\firebase-functions\\\\lib\\\\index.js\"}"}}
[debug] [2020-06-10T13:36:51.453Z] [runtime-status] [22072] firebase-admin has been stubbed. {"adminResolution":{"declared":true,"installed":true,"version":"8.12.1","resolution":"C:\\Users\\hide1\\VueProjects\\fleeting-talk\\functions\\node_modules\\firebase-admin\\lib\\index.js"}} {"metadata":{"emulator":{"name":"functions"},"message":"[runtime-status] [22072] firebase-admin has been stubbed. {\"adminResolution\":{\"declared\":true,\"installed\":true,\"version\":\"8.12.1\",\"resolution\":\"C:\\\\Users\\\\hide1\\\\VueProjects\\\\fleeting-talk\\\\functions\\\\node_modules\\\\firebase-admin\\\\lib\\\\index.js\"}}"}}
[warn] !  Error: Cannot find module 'C:\Users\hide1\VueProjects\fleeting-talk\functions'
    at Function.Module._resolveFilename (internal/modules/cjs/loader.js:580:15)
    at Function.Module._load (internal/modules/cjs/loader.js:506:25)
    at Module.require (internal/modules/cjs/loader.js:636:17)
    at require (internal/modules/cjs/helpers.js:20:18)
    at C:\Users\hide1\AppData\Roaming\npm\node_modules\firebase-tools\lib\emulator\functionsEmulatorRuntime.js:650:33
    at Generator.next (<anonymous>)
    at fulfilled (C:\Users\hide1\AppData\Roaming\npm\node_modules\firebase-tools\lib\emulator\functionsEmulatorRuntime.js:5:58)
    at process._tickCallback (internal/process/next_tick.js:68:7) {"metadata":{"emulator":{"name":"functions"},"message":"Error: Cannot find module 'C:\\Users\\hide1\\VueProjects\\fleeting-talk\\functions'\n    at Function.Module._resolveFilename (internal/modules/cjs/loader.js:580:15)\n    at Function.Module._load (internal/modules/cjs/loader.js:506:25)\n    at Module.require (internal/modules/cjs/loader.js:636:17)\n    at require (internal/modules/cjs/helpers.js:20:18)\n    at C:\\Users\\hide1\\AppData\\Roaming\\npm\\node_modules\\firebase-tools\\lib\\emulator\\functionsEmulatorRuntime.js:650:33\n    at Generator.next (<anonymous>)\n    at fulfilled (C:\\Users\\hide1\\AppData\\Roaming\\npm\\node_modules\\firebase-tools\\lib\\emulator\\functionsEmulatorRuntime.js:5:58)\n    at process._tickCallback (internal/process/next_tick.js:68:7)"}}
[warn] !  We were unable to load your functions code. (see above)
   - It appears your code is written in Typescript, which must be compiled before emulation.
   - You may be able to run "npm run build" in your functions directory to resolve this. {"metadata":{"emulator":{"name":"functions"}}}
[debug] [2020-06-10T13:36:51.482Z] [worker-~diagnostic~-87b089ff-a81e-4687-929e-466914e2b501]: exited {"metadata":{"emulator":{"name":"functions"},"message":"[worker-~diagnostic~-87b089ff-a81e-4687-929e-466914e2b501]: exited"}}
[debug] [2020-06-10T13:36:51.482Z] [worker-~diagnostic~-87b089ff-a81e-4687-929e-466914e2b501]: FINISHED {"metadata":{"emulator":{"name":"functions"},"message":"[worker-~diagnostic~-87b089ff-a81e-4687-929e-466914e2b501]: FINISHED"}}
[info] i  hosting: 127.0.0.1 - - [10/Jun/2020:13:36:54 +0000] "GET / HTTP/1.1" 200 2460 "-" "Mozilla/5.0 (Windows NT 10.0; Win64; x64) AppleWebKit/537.36 (KHTML, like Gecko) Chrome/83.0.4103.97 Safari/537.36" {"metadata":{"emulator":{"name":"hosting"},"message":"127.0.0.1 - - [10/Jun/2020:13:36:54 +0000] \"GET / HTTP/1.1\" 200 2460 \"-\" \"Mozilla/5.0 (Windows NT 10.0; Win64; x64) AppleWebKit/537.36 (KHTML, like Gecko) Chrome/83.0.4103.97 Safari/537.36\""}}
[info] i  hosting: 127.0.0.1 - - [10/Jun/2020:13:36:55 +0000] "GET /css/app.65742655.css HTTP/1.1" 200 428 "http://localhost:5000/" "Mozilla/5.0 (Windows NT 10.0; Win64; x64) AppleWebKit/537.36 (KHTML, like Gecko) Chrome/83.0.4103.97 Safari/537.36" {"metadata":{"emulator":{"name":"hosting"},"message":"127.0.0.1 - - [10/Jun/2020:13:36:55 +0000] \"GET /css/app.65742655.css HTTP/1.1\" 200 428 \"http://localhost:5000/\" \"Mozilla/5.0 (Windows NT 10.0; Win64; x64) AppleWebKit/537.36 (KHTML, like Gecko) Chrome/83.0.4103.97 Safari/537.36\""}}
[info] i  hosting: 127.0.0.1 - - [10/Jun/2020:13:36:55 +0000] "GET /js/app.aaf47a8d.js HTTP/1.1" 200 7747 "http://localhost:5000/" "Mozilla/5.0 (Windows NT 10.0; Win64; x64) AppleWebKit/537.36 (KHTML, like Gecko) Chrome/83.0.4103.97 Safari/537.36" {"metadata":{"emulator":{"name":"hosting"},"message":"127.0.0.1 - - [10/Jun/2020:13:36:55 +0000] \"GET /js/app.aaf47a8d.js HTTP/1.1\" 200 7747 \"http://localhost:5000/\" \"Mozilla/5.0 (Windows NT 10.0; Win64; x64) AppleWebKit/537.36 (KHTML, like Gecko) Chrome/83.0.4103.97 Safari/537.36\""}}
[info] i  hosting: 127.0.0.1 - - [10/Jun/2020:13:36:55 +0000] "GET /js/chunk-vendors.af9944e5.js HTTP/1.1" 200 157287 "http://localhost:5000/" "Mozilla/5.0 (Windows NT 10.0; Win64; x64) AppleWebKit/537.36 (KHTML, like Gecko) Chrome/83.0.4103.97 Safari/537.36" {"metadata":{"emulator":{"name":"hosting"},"message":"127.0.0.1 - - [10/Jun/2020:13:36:55 +0000] \"GET /js/chunk-vendors.af9944e5.js HTTP/1.1\" 200 157287 \"http://localhost:5000/\" \"Mozilla/5.0 (Windows NT 10.0; Win64; x64) AppleWebKit/537.36 (KHTML, like Gecko) Chrome/83.0.4103.97 Safari/537.36\""}}
[info] i  hosting: 127.0.0.1 - - [10/Jun/2020:13:36:55 +0000] "GET /__/firebase/7.15.0/firebase-database.js HTTP/1.1" 200 186816 "http://localhost:5000/" "Mozilla/5.0 (Windows NT 10.0; Win64; x64) AppleWebKit/537.36 (KHTML, like Gecko) Chrome/83.0.4103.97 Safari/537.36" {"metadata":{"emulator":{"name":"hosting"},"message":"127.0.0.1 - - [10/Jun/2020:13:36:55 +0000] \"GET /__/firebase/7.15.0/firebase-database.js HTTP/1.1\" 200 186816 \"http://localhost:5000/\" \"Mozilla/5.0 (Windows NT 10.0; Win64; x64) AppleWebKit/537.36 (KHTML, like Gecko) Chrome/83.0.4103.97 Safari/537.36\""}}
[info] i  hosting: 127.0.0.1 - - [10/Jun/2020:13:36:55 +0000] "GET /__/firebase/7.15.0/firebase-auth.js HTTP/1.1" 200 173469 "http://localhost:5000/" "Mozilla/5.0 (Windows NT 10.0; Win64; x64) AppleWebKit/537.36 (KHTML, like Gecko) Chrome/83.0.4103.97 Safari/537.36" {"metadata":{"emulator":{"name":"hosting"},"message":"127.0.0.1 - - [10/Jun/2020:13:36:55 +0000] \"GET /__/firebase/7.15.0/firebase-auth.js HTTP/1.1\" 200 173469 \"http://localhost:5000/\" \"Mozilla/5.0 (Windows NT 10.0; Win64; x64) AppleWebKit/537.36 (KHTML, like Gecko) Chrome/83.0.4103.97 Safari/537.36\""}}
[info] i  hosting: 127.0.0.1 - - [10/Jun/2020:13:36:55 +0000] "GET /__/firebase/init.js HTTP/1.1" 200 - "http://localhost:5000/" "Mozilla/5.0 (Windows NT 10.0; Win64; x64) AppleWebKit/537.36 (KHTML, like Gecko) Chrome/83.0.4103.97 Safari/537.36" {"metadata":{"emulator":{"name":"hosting"},"message":"127.0.0.1 - - [10/Jun/2020:13:36:55 +0000] \"GET /__/firebase/init.js HTTP/1.1\" 200 - \"http://localhost:5000/\" \"Mozilla/5.0 (Windows NT 10.0; Win64; x64) AppleWebKit/537.36 (KHTML, like Gecko) Chrome/83.0.4103.97 Safari/537.36\""}}
[info] i  hosting: 127.0.0.1 - - [10/Jun/2020:13:36:55 +0000] "GET /img/logo.82b9c7a5.png HTTP/1.1" 200 6849 "http://localhost:5000/" "Mozilla/5.0 (Windows NT 10.0; Win64; x64) AppleWebKit/537.36 (KHTML, like Gecko) Chrome/83.0.4103.97 Safari/537.36" {"metadata":{"emulator":{"name":"hosting"},"message":"127.0.0.1 - - [10/Jun/2020:13:36:55 +0000] \"GET /img/logo.82b9c7a5.png HTTP/1.1\" 200 6849 \"http://localhost:5000/\" \"Mozilla/5.0 (Windows NT 10.0; Win64; x64) AppleWebKit/537.36 (KHTML, like Gecko) Chrome/83.0.4103.97 Safari/537.36\""}}
[info] i  hosting: 127.0.0.1 - - [10/Jun/2020:13:36:55 +0000] "GET /__/firebase/7.15.0/firebase-messaging.js HTTP/1.1" 200 39121 "http://localhost:5000/" "Mozilla/5.0 (Windows NT 10.0; Win64; x64) AppleWebKit/537.36 (KHTML, like Gecko) Chrome/83.0.4103.97 Safari/537.36" {"metadata":{"emulator":{"name":"hosting"},"message":"127.0.0.1 - - [10/Jun/2020:13:36:55 +0000] \"GET /__/firebase/7.15.0/firebase-messaging.js HTTP/1.1\" 200 39121 \"http://localhost:5000/\" \"Mozilla/5.0 (Windows NT 10.0; Win64; x64) AppleWebKit/537.36 (KHTML, like Gecko) Chrome/83.0.4103.97 Safari/537.36\""}}
[info] i  hosting: 127.0.0.1 - - [10/Jun/2020:13:36:55 +0000] "GET /__/firebase/7.15.0/firebase-storage.js HTTP/1.1" 200 40854 "http://localhost:5000/" "Mozilla/5.0 (Windows NT 10.0; Win64; x64) AppleWebKit/537.36 (KHTML, like Gecko) Chrome/83.0.4103.97 Safari/537.36" {"metadata":{"emulator":{"name":"hosting"},"message":"127.0.0.1 - - [10/Jun/2020:13:36:55 +0000] \"GET /__/firebase/7.15.0/firebase-storage.js HTTP/1.1\" 200 40854 \"http://localhost:5000/\" \"Mozilla/5.0 (Windows NT 10.0; Win64; x64) AppleWebKit/537.36 (KHTML, like Gecko) Chrome/83.0.4103.97 Safari/537.36\""}}
[debug] [2020-06-10T13:41:24.034Z] ----------------------------------------------------------------------
[debug] [2020-06-10T13:41:24.036Z] Command:       C:\Program Files\nodejs\node.exe C:\Users\hide1\AppData\Roaming\npm\node_modules\firebase-tools\lib\bin\firebase.js serve
[debug] [2020-06-10T13:41:24.036Z] CLI Version:   8.4.2
[debug] [2020-06-10T13:41:24.036Z] Platform:      win32
[debug] [2020-06-10T13:41:24.036Z] Node Version:  v10.13.0
[debug] [2020-06-10T13:41:24.037Z] Time:          Wed Jun 10 2020 22:41:24 GMT+0900 (GMT+09:00)
[debug] [2020-06-10T13:41:24.037Z] ----------------------------------------------------------------------
[debug] [2020-06-10T13:41:24.037Z] 
[debug] [2020-06-10T13:41:24.046Z] > command requires scopes: ["email","openid","https://www.googleapis.com/auth/cloudplatformprojects.readonly","https://www.googleapis.com/auth/firebase","https://www.googleapis.com/auth/cloud-platform"]
[debug] [2020-06-10T13:41:24.046Z] > authorizing via signed-in user
[debug] [2020-06-10T13:41:24.046Z] [iam] checking project fleeting-talk-2 for permissions ["firebase.projects.get"]
[debug] [2020-06-10T13:41:24.049Z] >>> HTTP REQUEST POST https://cloudresourcemanager.googleapis.com/v1/projects/fleeting-talk-2:testIamPermissions  
 {"permissions":["firebase.projects.get"]}
[debug] [2020-06-10T13:41:24.848Z] <<< HTTP RESPONSE 200 {"content-type":"application/json; charset=UTF-8","vary":"X-Origin, Referer, Origin,Accept-Encoding","date":"Wed, 10 Jun 2020 13:41:22 GMT","server":"ESF","cache-control":"private","x-xss-protection":"0","x-frame-options":"SAMEORIGIN","x-content-type-options":"nosniff","server-timing":"gfet4t7; dur=566","alt-svc":"h3-27=\":443\"; ma=2592000,h3-25=\":443\"; ma=2592000,h3-T050=\":443\"; ma=2592000,h3-Q050=\":443\"; ma=2592000,h3-Q049=\":443\"; ma=2592000,h3-Q048=\":443\"; ma=2592000,h3-Q046=\":443\"; ma=2592000,h3-Q043=\":443\"; ma=2592000,quic=\":443\"; ma=2592000; v=\"46,43\"","accept-ranges":"none","transfer-encoding":"chunked"}
[debug] [2020-06-10T13:41:24.849Z] >>> HTTP REQUEST GET https://firebase.googleapis.com/v1beta1/projects/fleeting-talk-2  
 
[debug] [2020-06-10T13:41:25.644Z] <<< HTTP RESPONSE 200 {"content-type":"application/json; charset=UTF-8","vary":"X-Origin, Referer, Origin,Accept-Encoding","date":"Wed, 10 Jun 2020 13:41:23 GMT","server":"ESF","cache-control":"private","x-xss-protection":"0","x-frame-options":"SAMEORIGIN","x-content-type-options":"nosniff","alt-svc":"h3-27=\":443\"; ma=2592000,h3-25=\":443\"; ma=2592000,h3-T050=\":443\"; ma=2592000,h3-Q050=\":443\"; ma=2592000,h3-Q049=\":443\"; ma=2592000,h3-Q048=\":443\"; ma=2592000,h3-Q046=\":443\"; ma=2592000,h3-Q043=\":443\"; ma=2592000,quic=\":443\"; ma=2592000; v=\"46,43\"","accept-ranges":"none","transfer-encoding":"chunked"}
[info] 
[info] === Serving from 'C:\Users\hide1\VueProjects\fleeting-talk'...
[info] 
[debug] [2020-06-10T13:41:25.648Z] >>> HTTP REQUEST GET https://firebase.googleapis.com/v1beta1/projects/fleeting-talk-2/webApps/-/config  
 
[debug] [2020-06-10T13:41:26.947Z] <<< HTTP RESPONSE 200 {"content-type":"application/json; charset=UTF-8","vary":"X-Origin, Referer, Origin,Accept-Encoding","date":"Wed, 10 Jun 2020 13:41:24 GMT","server":"ESF","cache-control":"private","x-xss-protection":"0","x-frame-options":"SAMEORIGIN","x-content-type-options":"nosniff","alt-svc":"h3-27=\":443\"; ma=2592000,h3-25=\":443\"; ma=2592000,h3-T050=\":443\"; ma=2592000,h3-Q050=\":443\"; ma=2592000,h3-Q049=\":443\"; ma=2592000,h3-Q048=\":443\"; ma=2592000,h3-Q046=\":443\"; ma=2592000,h3-Q043=\":443\"; ma=2592000,quic=\":443\"; ma=2592000; v=\"46,43\"","accept-ranges":"none","transfer-encoding":"chunked"}
[info] i  hosting: Serving hosting files from: dist {"metadata":{"emulator":{"name":"hosting"},"message":"Serving hosting files from: \u001b[1mdist\u001b[22m"}}
[info] +  hosting: Local server: http://localhost:5000 {"metadata":{"emulator":{"name":"hosting"},"message":"Local server: \u001b[4m\u001b[1mhttp://localhost:5000\u001b[22m\u001b[24m"}}
[warn] !  Your requested "node" version "8" doesn't match your global version "10" {"metadata":{"emulator":{"name":"functions"},"message":"Your requested \"node\" version \"8\" doesn't match your global version \"10\""}}
[info] i  functions: Watching "C:\Users\hide1\VueProjects\fleeting-talk\functions" for Cloud Functions... {"metadata":{"emulator":{"name":"functions"},"message":"Watching \"C:\\Users\\hide1\\VueProjects\\fleeting-talk\\functions\" for Cloud Functions..."}}
[debug] [2020-06-10T13:41:27.705Z] [worker-pool] addWorker(~diagnostic~) {"metadata":{"emulator":{"name":"functions"},"message":"[worker-pool] addWorker(~diagnostic~)"}}
[debug] [2020-06-10T13:41:27.705Z] [worker-pool] Adding worker with key ~diagnostic~, total=1 {"metadata":{"emulator":{"name":"functions"},"message":"[worker-pool] Adding worker with key ~diagnostic~, total=1"}}
[debug] [2020-06-10T13:41:27.706Z] [worker-pool] submitWork(triggerId=) {"metadata":{"emulator":{"name":"functions"},"message":"[worker-pool] submitWork(triggerId=)"}}
[debug] [2020-06-10T13:41:27.706Z] [worker-~diagnostic~-00c971f2-436f-410b-aaa5-3e2080eaf178]: Assigning socketPath: \\?\pipe\C:\Users\hide1\VueProjects\fleeting-talk\functions\8148 {"metadata":{"emulator":{"name":"functions"},"message":"[worker-~diagnostic~-00c971f2-436f-410b-aaa5-3e2080eaf178]: Assigning socketPath: \\\\?\\pipe\\C:\\Users\\hide1\\VueProjects\\fleeting-talk\\functions\\8148"}}
[debug] [2020-06-10T13:41:27.706Z] [worker-~diagnostic~-00c971f2-436f-410b-aaa5-3e2080eaf178]: BUSY {"metadata":{"emulator":{"name":"functions"},"message":"[worker-~diagnostic~-00c971f2-436f-410b-aaa5-3e2080eaf178]: BUSY"}}
[debug] [2020-06-10T13:41:28.129Z] [runtime-status] [8148] Functions runtime initialized. {"cwd":"C:\\Users\\hide1\\VueProjects\\fleeting-talk\\functions","node_version":"10.13.0"} {"metadata":{"emulator":{"name":"functions"},"message":"[runtime-status] [8148] Functions runtime initialized. {\"cwd\":\"C:\\\\Users\\\\hide1\\\\VueProjects\\\\fleeting-talk\\\\functions\",\"node_version\":\"10.13.0\"}"}}
[debug] [2020-06-10T13:41:28.130Z] [runtime-status] [8148] Disabled runtime features: undefined {"metadata":{"emulator":{"name":"functions"},"message":"[runtime-status] [8148] Disabled runtime features: undefined"}}
[debug] [2020-06-10T13:41:28.134Z] [runtime-status] [8148] Resolved module firebase-admin {"declared":true,"installed":true,"version":"8.12.1","resolution":"C:\\Users\\hide1\\VueProjects\\fleeting-talk\\functions\\node_modules\\firebase-admin\\lib\\index.js"} {"metadata":{"emulator":{"name":"functions"},"message":"[runtime-status] [8148] Resolved module firebase-admin {\"declared\":true,\"installed\":true,\"version\":\"8.12.1\",\"resolution\":\"C:\\\\Users\\\\hide1\\\\VueProjects\\\\fleeting-talk\\\\functions\\\\node_modules\\\\firebase-admin\\\\lib\\\\index.js\"}"}}
[debug] [2020-06-10T13:41:28.136Z] [runtime-status] [8148] Resolved module firebase-functions {"declared":true,"installed":true,"version":"3.7.0","resolution":"C:\\Users\\hide1\\VueProjects\\fleeting-talk\\functions\\node_modules\\firebase-functions\\lib\\index.js"} {"metadata":{"emulator":{"name":"functions"},"message":"[runtime-status] [8148] Resolved module firebase-functions {\"declared\":true,\"installed\":true,\"version\":\"3.7.0\",\"resolution\":\"C:\\\\Users\\\\hide1\\\\VueProjects\\\\fleeting-talk\\\\functions\\\\node_modules\\\\firebase-functions\\\\lib\\\\index.js\"}"}}
[debug] [2020-06-10T13:41:28.140Z] [runtime-status] [8148] Outgoing network have been stubbed. [{"name":"http","status":"mocked"},{"name":"http","status":"mocked"},{"name":"https","status":"mocked"},{"name":"https","status":"mocked"},{"name":"net","status":"mocked"}] {"metadata":{"emulator":{"name":"functions"},"message":"[runtime-status] [8148] Outgoing network have been stubbed. [{\"name\":\"http\",\"status\":\"mocked\"},{\"name\":\"http\",\"status\":\"mocked\"},{\"name\":\"https\",\"status\":\"mocked\"},{\"name\":\"https\",\"status\":\"mocked\"},{\"name\":\"net\",\"status\":\"mocked\"}]"}}
[debug] [2020-06-10T13:41:28.140Z] [runtime-status] [8148] Resolved module firebase-functions {"declared":true,"installed":true,"version":"3.7.0","resolution":"C:\\Users\\hide1\\VueProjects\\fleeting-talk\\functions\\node_modules\\firebase-functions\\lib\\index.js"} {"metadata":{"emulator":{"name":"functions"},"message":"[runtime-status] [8148] Resolved module firebase-functions {\"declared\":true,\"installed\":true,\"version\":\"3.7.0\",\"resolution\":\"C:\\\\Users\\\\hide1\\\\VueProjects\\\\fleeting-talk\\\\functions\\\\node_modules\\\\firebase-functions\\\\lib\\\\index.js\"}"}}
[debug] [2020-06-10T13:41:28.185Z] [runtime-status] [8148] Checked functions.config() {"config":{}} {"metadata":{"emulator":{"name":"functions"},"message":"[runtime-status] [8148] Checked functions.config() {\"config\":{}}"}}
[debug] [2020-06-10T13:41:28.186Z] [runtime-status] [8148] firebase-functions has been stubbed. {"functionsResolution":{"declared":true,"installed":true,"version":"3.7.0","resolution":"C:\\Users\\hide1\\VueProjects\\fleeting-talk\\functions\\node_modules\\firebase-functions\\lib\\index.js"}} {"metadata":{"emulator":{"name":"functions"},"message":"[runtime-status] [8148] firebase-functions has been stubbed. {\"functionsResolution\":{\"declared\":true,\"installed\":true,\"version\":\"3.7.0\",\"resolution\":\"C:\\\\Users\\\\hide1\\\\VueProjects\\\\fleeting-talk\\\\functions\\\\node_modules\\\\firebase-functions\\\\lib\\\\index.js\"}}"}}
[debug] [2020-06-10T13:41:28.186Z] [runtime-status] [8148] Resolved module firebase-functions {"declared":true,"installed":true,"version":"3.7.0","resolution":"C:\\Users\\hide1\\VueProjects\\fleeting-talk\\functions\\node_modules\\firebase-functions\\lib\\index.js"} {"metadata":{"emulator":{"name":"functions"},"message":"[runtime-status] [8148] Resolved module firebase-functions {\"declared\":true,\"installed\":true,\"version\":\"3.7.0\",\"resolution\":\"C:\\\\Users\\\\hide1\\\\VueProjects\\\\fleeting-talk\\\\functions\\\\node_modules\\\\firebase-functions\\\\lib\\\\index.js\"}"}}
[debug] [2020-06-10T13:41:28.187Z] [runtime-status] [8148] Resolved module firebase-admin {"declared":true,"installed":true,"version":"8.12.1","resolution":"C:\\Users\\hide1\\VueProjects\\fleeting-talk\\functions\\node_modules\\firebase-admin\\lib\\index.js"} {"metadata":{"emulator":{"name":"functions"},"message":"[runtime-status] [8148] Resolved module firebase-admin {\"declared\":true,\"installed\":true,\"version\":\"8.12.1\",\"resolution\":\"C:\\\\Users\\\\hide1\\\\VueProjects\\\\fleeting-talk\\\\functions\\\\node_modules\\\\firebase-admin\\\\lib\\\\index.js\"}"}}
[debug] [2020-06-10T13:41:28.187Z] [runtime-status] [8148] Resolved module firebase-functions {"declared":true,"installed":true,"version":"3.7.0","resolution":"C:\\Users\\hide1\\VueProjects\\fleeting-talk\\functions\\node_modules\\firebase-functions\\lib\\index.js"} {"metadata":{"emulator":{"name":"functions"},"message":"[runtime-status] [8148] Resolved module firebase-functions {\"declared\":true,\"installed\":true,\"version\":\"3.7.0\",\"resolution\":\"C:\\\\Users\\\\hide1\\\\VueProjects\\\\fleeting-talk\\\\functions\\\\node_modules\\\\firebase-functions\\\\lib\\\\index.js\"}"}}
[debug] [2020-06-10T13:41:28.187Z] [runtime-status] [8148] firebase-admin has been stubbed. {"adminResolution":{"declared":true,"installed":true,"version":"8.12.1","resolution":"C:\\Users\\hide1\\VueProjects\\fleeting-talk\\functions\\node_modules\\firebase-admin\\lib\\index.js"}} {"metadata":{"emulator":{"name":"functions"},"message":"[runtime-status] [8148] firebase-admin has been stubbed. {\"adminResolution\":{\"declared\":true,\"installed\":true,\"version\":\"8.12.1\",\"resolution\":\"C:\\\\Users\\\\hide1\\\\VueProjects\\\\fleeting-talk\\\\functions\\\\node_modules\\\\firebase-admin\\\\lib\\\\index.js\"}}"}}
[warn] !  Error: Cannot find module 'C:\Users\hide1\VueProjects\fleeting-talk\functions'
    at Function.Module._resolveFilename (internal/modules/cjs/loader.js:580:15)
    at Function.Module._load (internal/modules/cjs/loader.js:506:25)
    at Module.require (internal/modules/cjs/loader.js:636:17)
    at require (internal/modules/cjs/helpers.js:20:18)
    at C:\Users\hide1\AppData\Roaming\npm\node_modules\firebase-tools\lib\emulator\functionsEmulatorRuntime.js:650:33
    at Generator.next (<anonymous>)
    at fulfilled (C:\Users\hide1\AppData\Roaming\npm\node_modules\firebase-tools\lib\emulator\functionsEmulatorRuntime.js:5:58)
    at process._tickCallback (internal/process/next_tick.js:68:7) {"metadata":{"emulator":{"name":"functions"},"message":"Error: Cannot find module 'C:\\Users\\hide1\\VueProjects\\fleeting-talk\\functions'\n    at Function.Module._resolveFilename (internal/modules/cjs/loader.js:580:15)\n    at Function.Module._load (internal/modules/cjs/loader.js:506:25)\n    at Module.require (internal/modules/cjs/loader.js:636:17)\n    at require (internal/modules/cjs/helpers.js:20:18)\n    at C:\\Users\\hide1\\AppData\\Roaming\\npm\\node_modules\\firebase-tools\\lib\\emulator\\functionsEmulatorRuntime.js:650:33\n    at Generator.next (<anonymous>)\n    at fulfilled (C:\\Users\\hide1\\AppData\\Roaming\\npm\\node_modules\\firebase-tools\\lib\\emulator\\functionsEmulatorRuntime.js:5:58)\n    at process._tickCallback (internal/process/next_tick.js:68:7)"}}
[warn] !  We were unable to load your functions code. (see above)
   - It appears your code is written in Typescript, which must be compiled before emulation.
   - You may be able to run "npm run build" in your functions directory to resolve this. {"metadata":{"emulator":{"name":"functions"}}}
[debug] [2020-06-10T13:41:28.216Z] [worker-~diagnostic~-00c971f2-436f-410b-aaa5-3e2080eaf178]: exited {"metadata":{"emulator":{"name":"functions"},"message":"[worker-~diagnostic~-00c971f2-436f-410b-aaa5-3e2080eaf178]: exited"}}
[debug] [2020-06-10T13:41:28.216Z] [worker-~diagnostic~-00c971f2-436f-410b-aaa5-3e2080eaf178]: FINISHED {"metadata":{"emulator":{"name":"functions"},"message":"[worker-~diagnostic~-00c971f2-436f-410b-aaa5-3e2080eaf178]: FINISHED"}}
[info] i  hosting: 127.0.0.1 - - [10/Jun/2020:13:41:39 +0000] "GET / HTTP/1.1" 200 2488 "-" "Mozilla/5.0 (Windows NT 10.0; Win64; x64) AppleWebKit/537.36 (KHTML, like Gecko) Chrome/83.0.4103.97 Safari/537.36" {"metadata":{"emulator":{"name":"hosting"},"message":"127.0.0.1 - - [10/Jun/2020:13:41:39 +0000] \"GET / HTTP/1.1\" 200 2488 \"-\" \"Mozilla/5.0 (Windows NT 10.0; Win64; x64) AppleWebKit/537.36 (KHTML, like Gecko) Chrome/83.0.4103.97 Safari/537.36\""}}
[info] i  hosting: 127.0.0.1 - - [10/Jun/2020:13:41:39 +0000] "GET /css/app.65742655.css HTTP/1.1" 200 428 "http://localhost:5000/" "Mozilla/5.0 (Windows NT 10.0; Win64; x64) AppleWebKit/537.36 (KHTML, like Gecko) Chrome/83.0.4103.97 Safari/537.36" {"metadata":{"emulator":{"name":"hosting"},"message":"127.0.0.1 - - [10/Jun/2020:13:41:39 +0000] \"GET /css/app.65742655.css HTTP/1.1\" 200 428 \"http://localhost:5000/\" \"Mozilla/5.0 (Windows NT 10.0; Win64; x64) AppleWebKit/537.36 (KHTML, like Gecko) Chrome/83.0.4103.97 Safari/537.36\""}}
[info] i  hosting: 127.0.0.1 - - [10/Jun/2020:13:41:39 +0000] "GET /js/app.aaf47a8d.js HTTP/1.1" 200 7747 "http://localhost:5000/" "Mozilla/5.0 (Windows NT 10.0; Win64; x64) AppleWebKit/537.36 (KHTML, like Gecko) Chrome/83.0.4103.97 Safari/537.36" {"metadata":{"emulator":{"name":"hosting"},"message":"127.0.0.1 - - [10/Jun/2020:13:41:39 +0000] \"GET /js/app.aaf47a8d.js HTTP/1.1\" 200 7747 \"http://localhost:5000/\" \"Mozilla/5.0 (Windows NT 10.0; Win64; x64) AppleWebKit/537.36 (KHTML, like Gecko) Chrome/83.0.4103.97 Safari/537.36\""}}
[info] i  hosting: 127.0.0.1 - - [10/Jun/2020:13:41:39 +0000] "GET /js/chunk-vendors.af9944e5.js HTTP/1.1" 200 157287 "http://localhost:5000/" "Mozilla/5.0 (Windows NT 10.0; Win64; x64) AppleWebKit/537.36 (KHTML, like Gecko) Chrome/83.0.4103.97 Safari/537.36" {"metadata":{"emulator":{"name":"hosting"},"message":"127.0.0.1 - - [10/Jun/2020:13:41:39 +0000] \"GET /js/chunk-vendors.af9944e5.js HTTP/1.1\" 200 157287 \"http://localhost:5000/\" \"Mozilla/5.0 (Windows NT 10.0; Win64; x64) AppleWebKit/537.36 (KHTML, like Gecko) Chrome/83.0.4103.97 Safari/537.36\""}}
[info] i  hosting: 127.0.0.1 - - [10/Jun/2020:13:41:39 +0000] "GET /__/firebase/7.15.0/firebase-functions.js HTTP/1.1" 200 9599 "http://localhost:5000/" "Mozilla/5.0 (Windows NT 10.0; Win64; x64) AppleWebKit/537.36 (KHTML, like Gecko) Chrome/83.0.4103.97 Safari/537.36" {"metadata":{"emulator":{"name":"hosting"},"message":"127.0.0.1 - - [10/Jun/2020:13:41:39 +0000] \"GET /__/firebase/7.15.0/firebase-functions.js HTTP/1.1\" 200 9599 \"http://localhost:5000/\" \"Mozilla/5.0 (Windows NT 10.0; Win64; x64) AppleWebKit/537.36 (KHTML, like Gecko) Chrome/83.0.4103.97 Safari/537.36\""}}
[info] i  hosting: 127.0.0.1 - - [10/Jun/2020:13:41:39 +0000] "GET /__/firebase/init.js HTTP/1.1" 200 - "http://localhost:5000/" "Mozilla/5.0 (Windows NT 10.0; Win64; x64) AppleWebKit/537.36 (KHTML, like Gecko) Chrome/83.0.4103.97 Safari/537.36" {"metadata":{"emulator":{"name":"hosting"},"message":"127.0.0.1 - - [10/Jun/2020:13:41:39 +0000] \"GET /__/firebase/init.js HTTP/1.1\" 200 - \"http://localhost:5000/\" \"Mozilla/5.0 (Windows NT 10.0; Win64; x64) AppleWebKit/537.36 (KHTML, like Gecko) Chrome/83.0.4103.97 Safari/537.36\""}}
[info] i  hosting: 127.0.0.1 - - [10/Jun/2020:13:41:39 +0000] "GET /__/firebase/7.15.0/firebase-firestore.js HTTP/1.1" 200 290241 "http://localhost:5000/" "Mozilla/5.0 (Windows NT 10.0; Win64; x64) AppleWebKit/537.36 (KHTML, like Gecko) Chrome/83.0.4103.97 Safari/537.36" {"metadata":{"emulator":{"name":"hosting"},"message":"127.0.0.1 - - [10/Jun/2020:13:41:39 +0000] \"GET /__/firebase/7.15.0/firebase-firestore.js HTTP/1.1\" 200 290241 \"http://localhost:5000/\" \"Mozilla/5.0 (Windows NT 10.0; Win64; x64) AppleWebKit/537.36 (KHTML, like Gecko) Chrome/83.0.4103.97 Safari/537.36\""}}
[info] i  hosting: 127.0.0.1 - - [10/Jun/2020:13:41:39 +0000] "GET /img/logo.82b9c7a5.png HTTP/1.1" 200 6849 "http://localhost:5000/" "Mozilla/5.0 (Windows NT 10.0; Win64; x64) AppleWebKit/537.36 (KHTML, like Gecko) Chrome/83.0.4103.97 Safari/537.36" {"metadata":{"emulator":{"name":"hosting"},"message":"127.0.0.1 - - [10/Jun/2020:13:41:39 +0000] \"GET /img/logo.82b9c7a5.png HTTP/1.1\" 200 6849 \"http://localhost:5000/\" \"Mozilla/5.0 (Windows NT 10.0; Win64; x64) AppleWebKit/537.36 (KHTML, like Gecko) Chrome/83.0.4103.97 Safari/537.36\""}}
[info] i  hosting: 127.0.0.1 - - [10/Jun/2020:13:42:01 +0000] "GET / HTTP/1.1" 200 2488 "-" "Mozilla/5.0 (Windows NT 10.0; Win64; x64) AppleWebKit/537.36 (KHTML, like Gecko) Chrome/83.0.4103.97 Safari/537.36" {"metadata":{"emulator":{"name":"hosting"},"message":"127.0.0.1 - - [10/Jun/2020:13:42:01 +0000] \"GET / HTTP/1.1\" 200 2488 \"-\" \"Mozilla/5.0 (Windows NT 10.0; Win64; x64) AppleWebKit/537.36 (KHTML, like Gecko) Chrome/83.0.4103.97 Safari/537.36\""}}
[info] i  hosting: 127.0.0.1 - - [10/Jun/2020:13:42:01 +0000] "GET /js/app.aaf47a8d.js HTTP/1.1" 200 7747 "http://localhost:5000/" "Mozilla/5.0 (Windows NT 10.0; Win64; x64) AppleWebKit/537.36 (KHTML, like Gecko) Chrome/83.0.4103.97 Safari/537.36" {"metadata":{"emulator":{"name":"hosting"},"message":"127.0.0.1 - - [10/Jun/2020:13:42:01 +0000] \"GET /js/app.aaf47a8d.js HTTP/1.1\" 200 7747 \"http://localhost:5000/\" \"Mozilla/5.0 (Windows NT 10.0; Win64; x64) AppleWebKit/537.36 (KHTML, like Gecko) Chrome/83.0.4103.97 Safari/537.36\""}}
[info] i  hosting: 127.0.0.1 - - [10/Jun/2020:13:42:01 +0000] "GET /css/app.65742655.css HTTP/1.1" 200 428 "http://localhost:5000/" "Mozilla/5.0 (Windows NT 10.0; Win64; x64) AppleWebKit/537.36 (KHTML, like Gecko) Chrome/83.0.4103.97 Safari/537.36" {"metadata":{"emulator":{"name":"hosting"},"message":"127.0.0.1 - - [10/Jun/2020:13:42:01 +0000] \"GET /css/app.65742655.css HTTP/1.1\" 200 428 \"http://localhost:5000/\" \"Mozilla/5.0 (Windows NT 10.0; Win64; x64) AppleWebKit/537.36 (KHTML, like Gecko) Chrome/83.0.4103.97 Safari/537.36\""}}
[info] i  hosting: 127.0.0.1 - - [10/Jun/2020:13:42:01 +0000] "GET /__/firebase/init.js HTTP/1.1" 200 - "http://localhost:5000/" "Mozilla/5.0 (Windows NT 10.0; Win64; x64) AppleWebKit/537.36 (KHTML, like Gecko) Chrome/83.0.4103.97 Safari/537.36" {"metadata":{"emulator":{"name":"hosting"},"message":"127.0.0.1 - - [10/Jun/2020:13:42:01 +0000] \"GET /__/firebase/init.js HTTP/1.1\" 200 - \"http://localhost:5000/\" \"Mozilla/5.0 (Windows NT 10.0; Win64; x64) AppleWebKit/537.36 (KHTML, like Gecko) Chrome/83.0.4103.97 Safari/537.36\""}}
[info] i  hosting: 127.0.0.1 - - [10/Jun/2020:13:42:01 +0000] "GET /js/chunk-vendors.af9944e5.js HTTP/1.1" 200 157287 "http://localhost:5000/" "Mozilla/5.0 (Windows NT 10.0; Win64; x64) AppleWebKit/537.36 (KHTML, like Gecko) Chrome/83.0.4103.97 Safari/537.36" {"metadata":{"emulator":{"name":"hosting"},"message":"127.0.0.1 - - [10/Jun/2020:13:42:01 +0000] \"GET /js/chunk-vendors.af9944e5.js HTTP/1.1\" 200 157287 \"http://localhost:5000/\" \"Mozilla/5.0 (Windows NT 10.0; Win64; x64) AppleWebKit/537.36 (KHTML, like Gecko) Chrome/83.0.4103.97 Safari/537.36\""}}
[info] i  hosting: 127.0.0.1 - - [10/Jun/2020:13:42:01 +0000] "GET /img/logo.82b9c7a5.png HTTP/1.1" 200 6849 "http://localhost:5000/" "Mozilla/5.0 (Windows NT 10.0; Win64; x64) AppleWebKit/537.36 (KHTML, like Gecko) Chrome/83.0.4103.97 Safari/537.36" {"metadata":{"emulator":{"name":"hosting"},"message":"127.0.0.1 - - [10/Jun/2020:13:42:01 +0000] \"GET /img/logo.82b9c7a5.png HTTP/1.1\" 200 6849 \"http://localhost:5000/\" \"Mozilla/5.0 (Windows NT 10.0; Win64; x64) AppleWebKit/537.36 (KHTML, like Gecko) Chrome/83.0.4103.97 Safari/537.36\""}}
